<?xml version="1.0" encoding="UTF-8"?>
<testng-results skipped="0" failed="0" total="0" passed="0">
  <reporter-output>
  </reporter-output>
  <suite name="com.vitalii.vitaliiFramework2.listeners.TestResultListener" duration-ms="5" started-at="2017-08-28T14:52:29Z" finished-at="2017-08-28T14:52:29Z">
    <groups>
    </groups>
    <test name="Command line test" duration-ms="5" started-at="2017-08-28T14:52:29Z" finished-at="2017-08-28T14:52:29Z">
    </test> <!-- Command line test -->
  </suite> <!-- com.vitalii.vitaliiFramework2.listeners.TestResultListener -->
</testng-results>
