<?xml version="1.0" encoding="UTF-8"?>
<!-- Generated by org.testng.reporters.JUnitXMLReporter -->
<testsuite hostname="salsalabs5" name="Test" tests="2" failures="2" timestamp="22 Feb 2017 15:55:44 GMT" time="0.041" errors="0">
  <testcase name="@AfterMethod clearCookies" time="0.0" classname="com.vitalii.vitaliiFramework2.tests.LoginPageTestsWD">
    <failure type="java.lang.NullPointerException">
      <![CDATA[java.lang.NullPointerException
	at com.vitalii.vitaliiFramework2.driver.WebDriverThread.<init>(WebDriverThread.java:17)
	at com.vitalii.vitaliiFramework2.driver.DriverFactory$1.initialValue(DriverFactory.java:28)
	at com.vitalii.vitaliiFramework2.driver.DriverFactory$1.initialValue(DriverFactory.java:1)
	at java.lang.ThreadLocal.setInitialValue(ThreadLocal.java:180)
	at java.lang.ThreadLocal.get(ThreadLocal.java:170)
	at com.vitalii.vitaliiFramework2.driver.DriverFactory.getDriver(DriverFactory.java:50)
	at com.vitalii.vitaliiFramework2.driver.DriverFactory.clearCookies(DriverFactory.java:59)
... Removed 27 stack frames]]>
    </failure>
  </testcase> <!-- @AfterMethod clearCookies -->
  <testcase name="doSuccessfulLoginTest" time="0.022" classname="com.vitalii.vitaliiFramework2.tests.LoginPageTestsWD">
    <failure type="org.testng.SkipException" message="This test has been skipped">
      <![CDATA[org.testng.SkipException: This test has been skipped
	at com.vitalii.vitaliiFramework2.listeners.TestResultListener.onTestSkipped(TestResultListener.java:36)
... Removed 22 stack frames]]>
    </failure>
  </testcase> <!-- doSuccessfulLoginTest -->
  <testcase name="doSuccessfulLoginTestAndPublishSignupForm" time="0.002" classname="com.vitalii.vitaliiFramework2.tests.LoginPageTestsWD">
    <failure type="java.lang.NullPointerException">
      <![CDATA[java.lang.NullPointerException
	at com.vitalii.vitaliiFramework2.helpers.Configurations.getEnvironmentUrl(Configurations.java:37)
	at com.vitalii.vitaliiFramework2.pages.LoginPage.openLoginPage(LoginPage.java:14)
	at com.vitalii.vitaliiFramework2.pages.LoginPage.doSuccessfulLogin(LoginPage.java:26)
	at com.vitalii.vitaliiFramework2.tests.LoginPageTestsWD.doSuccessfulLoginTestAndPublishSignupForm(LoginPageTestsWD.java:46)
... Removed 25 stack frames]]>
    </failure>
  </testcase> <!-- doSuccessfulLoginTestAndPublishSignupForm -->
</testsuite> <!-- Test -->
